<?xml version="1.0" encoding="UTF-8"?>
<testsuite xmlns:xsi="http://www.w3.org/2001/XMLSchema-instance" xsi:noNamespaceSchemaLocation="https://maven.apache.org/surefire/maven-failsafe-plugin/xsd/failsafe-test-report.xsd" name="org.jboss.as.quickstarts.kitchensink.test.RemoteMemberRegistrationIT" time="0.362" tests="1" errors="0" skipped="0" failures="0">
  <properties>
    <property name="java.specification.version" value="23"/>
    <property name="sun.jnu.encoding" value="UTF-8"/>
    <property name="java.class.path" value="/Users/oliverbecher/2_Projects/mongodb/kitchensink/target/test-classes:/Users/oliverbecher/2_Projects/mongodb/kitchensink/target/classes:/Users/oliverbecher/.m2/repository/jakarta/enterprise/jakarta.enterprise.cdi-api/4.0.1.redhat-00001/jakarta.enterprise.cdi-api-4.0.1.redhat-00001.jar:/Users/oliverbecher/.m2/repository/jakarta/enterprise/jakarta.enterprise.lang-model/4.0.1.redhat-00001/jakarta.enterprise.lang-model-4.0.1.redhat-00001.jar:/Users/oliverbecher/.m2/repository/jakarta/interceptor/jakarta.interceptor-api/2.1.0.redhat-00001/jakarta.interceptor-api-2.1.0.redhat-00001.jar:/Users/oliverbecher/.m2/repository/jakarta/inject/jakarta.inject-api/2.0.1.redhat-00001/jakarta.inject-api-2.0.1.redhat-00001.jar:/Users/oliverbecher/.m2/repository/junit/junit/4.13.1/junit-4.13.1.jar:/Users/oliverbecher/.m2/repository/org/hamcrest/hamcrest-core/1.3/hamcrest-core-1.3.jar:/Users/oliverbecher/.m2/repository/org/hibernate/orm/hibernate-jpamodelgen/6.2.13.Final-redhat-00001/hibernate-jpamodelgen-6.2.13.Final-redhat-00001.jar:/Users/oliverbecher/.m2/repository/org/jboss/logging/jboss-logging/3.4.3.Final-redhat-00001/jboss-logging-3.4.3.Final-redhat-00001.jar:/Users/oliverbecher/.m2/repository/org/glassfish/jaxb/jaxb-runtime/4.0.1.redhat-00001/jaxb-runtime-4.0.1.redhat-00001.jar:/Users/oliverbecher/.m2/repository/org/glassfish/jaxb/jaxb-core/4.0.1.redhat-00001/jaxb-core-4.0.1.redhat-00001.jar:/Users/oliverbecher/.m2/repository/org/eclipse/angus/angus-activation/2.0.1.redhat-00001/angus-activation-2.0.1.redhat-00001.jar:/Users/oliverbecher/.m2/repository/org/glassfish/jaxb/txw2/4.0.1.redhat-00001/txw2-4.0.1.redhat-00001.jar:/Users/oliverbecher/.m2/repository/com/sun/istack/istack-commons-runtime/4.1.1.redhat-00001/istack-commons-runtime-4.1.1.redhat-00001.jar:/Users/oliverbecher/.m2/repository/jakarta/activation/jakarta.activation-api/2.1.2.redhat-00001/jakarta.activation-api-2.1.2.redhat-00001.jar:/Users/oliverbecher/.m2/repository/org/hibernate/validator/hibernate-validator/8.0.0.Final-redhat-00001/hibernate-validator-8.0.0.Final-redhat-00001.jar:/Users/oliverbecher/.m2/repository/com/fasterxml/classmate/1.5.1.redhat-00001/classmate-1.5.1.redhat-00001.jar:/Users/oliverbecher/.m2/repository/jakarta/validation/jakarta.validation-api/3.0.2.redhat-00001/jakarta.validation-api-3.0.2.redhat-00001.jar:/Users/oliverbecher/.m2/repository/org/hibernate/validator/hibernate-validator-annotation-processor/8.0.0.Final-redhat-00001/hibernate-validator-annotation-processor-8.0.0.Final-redhat-00001.jar:/Users/oliverbecher/.m2/repository/jakarta/persistence/jakarta.persistence-api/3.1.0.redhat-00001/jakarta.persistence-api-3.1.0.redhat-00001.jar:/Users/oliverbecher/.m2/repository/org/jboss/arquillian/junit/arquillian-junit-container/1.7.0.Final/arquillian-junit-container-1.7.0.Final.jar:/Users/oliverbecher/.m2/repository/org/jboss/arquillian/junit/arquillian-junit-core/1.7.0.Final/arquillian-junit-core-1.7.0.Final.jar:/Users/oliverbecher/.m2/repository/org/jboss/arquillian/test/arquillian-test-api/1.7.0.Final/arquillian-test-api-1.7.0.Final.jar:/Users/oliverbecher/.m2/repository/org/jboss/arquillian/test/arquillian-test-spi/1.7.0.Final/arquillian-test-spi-1.7.0.Final.jar:/Users/oliverbecher/.m2/repository/org/jboss/arquillian/core/arquillian-core-spi/1.7.0.Final/arquillian-core-spi-1.7.0.Final.jar:/Users/oliverbecher/.m2/repository/org/jboss/arquillian/container/arquillian-container-test-api/1.7.0.Final/arquillian-container-test-api-1.7.0.Final.jar:/Users/oliverbecher/.m2/repository/org/jboss/shrinkwrap/shrinkwrap-api/1.2.6/shrinkwrap-api-1.2.6.jar:/Users/oliverbecher/.m2/repository/org/jboss/shrinkwrap/descriptors/shrinkwrap-descriptors-api-base/2.0.0/shrinkwrap-descriptors-api-base-2.0.0.jar:/Users/oliverbecher/.m2/repository/org/jboss/arquillian/container/arquillian-container-test-spi/1.7.0.Final/arquillian-container-test-spi-1.7.0.Final.jar:/Users/oliverbecher/.m2/repository/org/jboss/arquillian/core/arquillian-core-impl-base/1.7.0.Final/arquillian-core-impl-base-1.7.0.Final.jar:/Users/oliverbecher/.m2/repository/org/jboss/arquillian/test/arquillian-test-impl-base/1.7.0.Final/arquillian-test-impl-base-1.7.0.Final.jar:/Users/oliverbecher/.m2/repository/org/jboss/arquillian/container/arquillian-container-impl-base/1.7.0.Final/arquillian-container-impl-base-1.7.0.Final.jar:/Users/oliverbecher/.m2/repository/org/jboss/arquillian/config/arquillian-config-api/1.7.0.Final/arquillian-config-api-1.7.0.Final.jar:/Users/oliverbecher/.m2/repository/org/jboss/arquillian/config/arquillian-config-impl-base/1.7.0.Final/arquillian-config-impl-base-1.7.0.Final.jar:/Users/oliverbecher/.m2/repository/org/jboss/arquillian/config/arquillian-config-spi/1.7.0.Final/arquillian-config-spi-1.7.0.Final.jar:/Users/oliverbecher/.m2/repository/org/jboss/arquillian/container/arquillian-container-test-impl-base/1.7.0.Final/arquillian-container-test-impl-base-1.7.0.Final.jar:/Users/oliverbecher/.m2/repository/org/jboss/shrinkwrap/shrinkwrap-impl-base/1.2.6/shrinkwrap-impl-base-1.2.6.jar:/Users/oliverbecher/.m2/repository/org/jboss/shrinkwrap/shrinkwrap-spi/1.2.6/shrinkwrap-spi-1.2.6.jar:/Users/oliverbecher/.m2/repository/org/jboss/arquillian/protocol/arquillian-protocol-servlet-jakarta/1.7.0.Final/arquillian-protocol-servlet-jakarta-1.7.0.Final.jar:/Users/oliverbecher/.m2/repository/org/jboss/arquillian/container/arquillian-container-spi/1.7.0.Final/arquillian-container-spi-1.7.0.Final.jar:/Users/oliverbecher/.m2/repository/org/jboss/shrinkwrap/descriptors/shrinkwrap-descriptors-spi/2.0.0/shrinkwrap-descriptors-spi-2.0.0.jar:/Users/oliverbecher/.m2/repository/jakarta/annotation/jakarta.annotation-api/2.1.1.redhat-00001/jakarta.annotation-api-2.1.1.redhat-00001.jar:/Users/oliverbecher/.m2/repository/jakarta/ejb/jakarta.ejb-api/4.0.1.redhat-00001/jakarta.ejb-api-4.0.1.redhat-00001.jar:/Users/oliverbecher/.m2/repository/jakarta/transaction/jakarta.transaction-api/2.0.1.redhat-00002/jakarta.transaction-api-2.0.1.redhat-00002.jar:/Users/oliverbecher/.m2/repository/jakarta/faces/jakarta.faces-api/4.0.1.redhat-00001/jakarta.faces-api-4.0.1.redhat-00001.jar:/Users/oliverbecher/.m2/repository/jakarta/ws/rs/jakarta.ws.rs-api/3.1.0.redhat-00001/jakarta.ws.rs-api-3.1.0.redhat-00001.jar:/Users/oliverbecher/.m2/repository/jakarta/xml/bind/jakarta.xml.bind-api/4.0.0.redhat-00001/jakarta.xml.bind-api-4.0.0.redhat-00001.jar:/Users/oliverbecher/.m2/repository/jakarta/json/jakarta.json-api/2.1.2.redhat-00001/jakarta.json-api-2.1.2.redhat-00001.jar:/Users/oliverbecher/.m2/repository/org/eclipse/parsson/parsson/1.1.2.redhat-00001/parsson-1.1.2.redhat-00001.jar:/Users/oliverbecher/.m2/repository/org/wildfly/arquillian/wildfly-arquillian-container-remote/5.0.0.Final/wildfly-arquillian-container-remote-5.0.0.Final.jar:/Users/oliverbecher/.m2/repository/org/jboss/xnio/xnio-api/3.8.9.Final/xnio-api-3.8.9.Final.jar:/Users/oliverbecher/.m2/repository/org/jboss/xnio/xnio-nio/3.8.9.Final/xnio-nio-3.8.9.Final.jar:/Users/oliverbecher/.m2/repository/org/jboss/marshalling/jboss-marshalling-river/2.1.1.Final/jboss-marshalling-river-2.1.1.Final.jar:/Users/oliverbecher/.m2/repository/org/jboss/marshalling/jboss-marshalling/2.1.1.Final/jboss-marshalling-2.1.1.Final.jar:/Users/oliverbecher/.m2/repository/org/jboss/remoting/jboss-remoting/5.0.27.Final/jboss-remoting-5.0.27.Final.jar:/Users/oliverbecher/.m2/repository/org/wildfly/common/wildfly-common/1.6.0.Final-redhat-00001/wildfly-common-1.6.0.Final-redhat-00001.jar:/Users/oliverbecher/.m2/repository/org/wildfly/client/wildfly-client-config/1.0.1.Final-redhat-00001/wildfly-client-config-1.0.1.Final-redhat-00001.jar:/Users/oliverbecher/.m2/repository/org/jboss/remotingjmx/remoting-jmx/3.0.4.Final/remoting-jmx-3.0.4.Final.jar:/Users/oliverbecher/.m2/repository/org/wildfly/arquillian/wildfly-arquillian-common/5.0.0.Final/wildfly-arquillian-common-5.0.0.Final.jar:/Users/oliverbecher/.m2/repository/org/jboss/arquillian/testenricher/arquillian-testenricher-cdi-jakarta/1.7.0.Final/arquillian-testenricher-cdi-jakarta-1.7.0.Final.jar:/Users/oliverbecher/.m2/repository/org/jboss/arquillian/testenricher/arquillian-testenricher-ejb-jakarta/1.7.0.Final/arquillian-testenricher-ejb-jakarta-1.7.0.Final.jar:/Users/oliverbecher/.m2/repository/org/jboss/arquillian/testenricher/arquillian-testenricher-initialcontext/1.7.0.Final/arquillian-testenricher-initialcontext-1.7.0.Final.jar:/Users/oliverbecher/.m2/repository/org/jboss/arquillian/testenricher/arquillian-testenricher-resource-jakarta/1.7.0.Final/arquillian-testenricher-resource-jakarta-1.7.0.Final.jar:/Users/oliverbecher/.m2/repository/org/wildfly/arquillian/wildfly-arquillian-testenricher-msc/5.0.0.Final/wildfly-arquillian-testenricher-msc-5.0.0.Final.jar:/Users/oliverbecher/.m2/repository/org/jboss/msc/jboss-msc/1.5.1.Final-redhat-00001/jboss-msc-1.5.1.Final-redhat-00001.jar:/Users/oliverbecher/.m2/repository/org/wildfly/core/wildfly-server/20.0.1.Final/wildfly-server-20.0.1.Final.jar:/Users/oliverbecher/.m2/repository/org/wildfly/core/wildfly-controller-client/20.0.1.Final/wildfly-controller-client-20.0.1.Final.jar:/Users/oliverbecher/.m2/repository/org/wildfly/core/wildfly-protocol/20.0.1.Final/wildfly-protocol-20.0.1.Final.jar:/Users/oliverbecher/.m2/repository/org/jboss/modules/jboss-modules/2.1.0.Final/jboss-modules-2.1.0.Final.jar:/Users/oliverbecher/.m2/repository/org/wildfly/security/wildfly-elytron-auth-server/2.2.2.Final-redhat-00001/wildfly-elytron-auth-server-2.2.2.Final-redhat-00001.jar:/Users/oliverbecher/.m2/repository/org/wildfly/security/wildfly-elytron-credential/2.2.2.Final-redhat-00001/wildfly-elytron-credential-2.2.2.Final-redhat-00001.jar:/Users/oliverbecher/.m2/repository/org/wildfly/security/wildfly-elytron-x500/2.2.2.Final-redhat-00001/wildfly-elytron-x500-2.2.2.Final-redhat-00001.jar:/Users/oliverbecher/.m2/repository/org/wildfly/security/wildfly-elytron-auth-server-deprecated/2.2.2.Final-redhat-00001/wildfly-elytron-auth-server-deprecated-2.2.2.Final-redhat-00001.jar:/Users/oliverbecher/.m2/repository/org/wildfly/security/wildfly-elytron-http/2.2.2.Final-redhat-00001/wildfly-elytron-http-2.2.2.Final-redhat-00001.jar:/Users/oliverbecher/.m2/repository/org/wildfly/security/wildfly-elytron-auth-server-http/2.2.2.Final-redhat-00001/wildfly-elytron-auth-server-http-2.2.2.Final-redhat-00001.jar:/Users/oliverbecher/.m2/repository/org/wildfly/security/wildfly-elytron-auth-server-sasl/2.2.2.Final-redhat-00001/wildfly-elytron-auth-server-sasl-2.2.2.Final-redhat-00001.jar:/Users/oliverbecher/.m2/repository/org/wildfly/security/wildfly-elytron-client/2.2.2.Final-redhat-00001/wildfly-elytron-client-2.2.2.Final-redhat-00001.jar:/Users/oliverbecher/.m2/repository/org/wildfly/security/wildfly-elytron-auth-util/2.2.2.Final-redhat-00001/wildfly-elytron-auth-util-2.2.2.Final-redhat-00001.jar:/Users/oliverbecher/.m2/repository/org/wildfly/security/wildfly-elytron-mechanism-gssapi/2.2.2.Final-redhat-00001/wildfly-elytron-mechanism-gssapi-2.2.2.Final-redhat-00001.jar:/Users/oliverbecher/.m2/repository/org/apache/sshd/sshd-common/2.9.2.redhat-00001/sshd-common-2.9.2.redhat-00001.jar:/Users/oliverbecher/.m2/repository/org/wildfly/security/wildfly-elytron-credential-source-impl/2.2.2.Final-redhat-00001/wildfly-elytron-credential-source-impl-2.2.2.Final-redhat-00001.jar:/Users/oliverbecher/.m2/repository/org/wildfly/security/wildfly-elytron-credential-store/2.2.2.Final-redhat-00001/wildfly-elytron-credential-store-2.2.2.Final-redhat-00001.jar:/Users/oliverbecher/.m2/repository/org/wildfly/security/wildfly-elytron-keystore/2.2.2.Final-redhat-00001/wildfly-elytron-keystore-2.2.2.Final-redhat-00001.jar:/Users/oliverbecher/.m2/repository/org/wildfly/security/wildfly-elytron-x500-cert/2.2.2.Final-redhat-00001/wildfly-elytron-x500-cert-2.2.2.Final-redhat-00001.jar:/Users/oliverbecher/.m2/repository/org/wildfly/security/wildfly-elytron-x500-cert-util/2.2.2.Final-redhat-00001/wildfly-elytron-x500-cert-util-2.2.2.Final-redhat-00001.jar:/Users/oliverbecher/.m2/repository/org/wildfly/security/wildfly-elytron-mechanism/2.2.2.Final-redhat-00001/wildfly-elytron-mechanism-2.2.2.Final-redhat-00001.jar:/Users/oliverbecher/.m2/repository/org/wildfly/security/wildfly-elytron-password-impl/2.2.2.Final-redhat-00001/wildfly-elytron-password-impl-2.2.2.Final-redhat-00001.jar:/Users/oliverbecher/.m2/repository/org/wildfly/security/wildfly-elytron-provider-util/2.2.2.Final-redhat-00001/wildfly-elytron-provider-util-2.2.2.Final-redhat-00001.jar:/Users/oliverbecher/.m2/repository/org/wildfly/security/wildfly-elytron-ssh-util/2.2.2.Final-redhat-00001/wildfly-elytron-ssh-util-2.2.2.Final-redhat-00001.jar:/Users/oliverbecher/.m2/repository/org/wildfly/security/wildfly-elytron-permission/2.2.2.Final-redhat-00001/wildfly-elytron-permission-2.2.2.Final-redhat-00001.jar:/Users/oliverbecher/.m2/repository/org/wildfly/security/wildfly-elytron-sasl/2.2.2.Final-redhat-00001/wildfly-elytron-sasl-2.2.2.Final-redhat-00001.jar:/Users/oliverbecher/.m2/repository/org/wildfly/security/wildfly-elytron-ssl/2.2.2.Final-redhat-00001/wildfly-elytron-ssl-2.2.2.Final-redhat-00001.jar:/Users/oliverbecher/.m2/repository/org/wildfly/security/wildfly-elytron-sasl-anonymous/2.2.2.Final-redhat-00001/wildfly-elytron-sasl-anonymous-2.2.2.Final-redhat-00001.jar:/Users/oliverbecher/.m2/repository/org/wildfly/security/wildfly-elytron-sasl-localuser/2.2.2.Final-redhat-00001/wildfly-elytron-sasl-localuser-2.2.2.Final-redhat-00001.jar:/Users/oliverbecher/.m2/repository/org/wildfly/security/wildfly-elytron-realm/2.2.2.Final-redhat-00001/wildfly-elytron-realm-2.2.2.Final-redhat-00001.jar:/Users/oliverbecher/.m2/repository/org/wildfly/security/wildfly-elytron-encryption/2.2.2.Final-redhat-00001/wildfly-elytron-encryption-2.2.2.Final-redhat-00001.jar:/Users/oliverbecher/.m2/repository/org/jboss/jboss-dmr/1.6.1.Final/jboss-dmr-1.6.1.Final.jar:/Users/oliverbecher/.m2/repository/org/jboss/threads/jboss-threads/2.4.0.Final-redhat-00001/jboss-threads-2.4.0.Final-redhat-00001.jar:/Users/oliverbecher/.m2/repository/org/wildfly/security/wildfly-elytron-auth/2.2.2.Final-redhat-00001/wildfly-elytron-auth-2.2.2.Final-redhat-00001.jar:/Users/oliverbecher/.m2/repository/org/wildfly/security/wildfly-elytron-util/2.2.2.Final-redhat-00001/wildfly-elytron-util-2.2.2.Final-redhat-00001.jar:/Users/oliverbecher/.m2/repository/org/wildfly/security/wildfly-elytron-asn1/2.2.2.Final-redhat-00001/wildfly-elytron-asn1-2.2.2.Final-redhat-00001.jar:/Users/oliverbecher/.m2/repository/org/wildfly/security/wildfly-elytron-base/2.2.2.Final-redhat-00001/wildfly-elytron-base-2.2.2.Final-redhat-00001.jar:/Users/oliverbecher/.m2/repository/org/wildfly/security/wildfly-elytron-security-manager/2.2.2.Final-redhat-00001/wildfly-elytron-security-manager-2.2.2.Final-redhat-00001.jar:/Users/oliverbecher/.m2/repository/org/wildfly/security/wildfly-elytron-security-manager-action/2.2.2.Final-redhat-00001/wildfly-elytron-security-manager-action-2.2.2.Final-redhat-00001.jar:/Users/oliverbecher/.m2/repository/org/wildfly/core/wildfly-launcher/20.0.1.Final/wildfly-launcher-20.0.1.Final.jar:/Users/oliverbecher/.m2/repository/org/wildfly/plugins/wildfly-plugin-core/4.0.0.Final/wildfly-plugin-core-4.0.0.Final.jar:/Users/oliverbecher/.m2/repository/org/jboss/shrinkwrap/descriptors/shrinkwrap-descriptors-impl-base/2.0.0/shrinkwrap-descriptors-impl-base-2.0.0.jar:/Users/oliverbecher/.m2/repository/org/jboss/arquillian/core/arquillian-core-api/1.7.0.Final/arquillian-core-api-1.7.0.Final.jar:"/>
    <property name="java.vm.vendor" value="Homebrew"/>
    <property name="sun.arch.data.model" value="64"/>
    <property name="java.vendor.url" value="https://github.com/Homebrew/homebrew-core/issues"/>
    <property name="os.name" value="Mac OS X"/>
    <property name="java.vm.specification.version" value="23"/>
    <property name="sun.java.launcher" value="SUN_STANDARD"/>
    <property name="user.country" value="IE"/>
    <property name="sun.boot.library.path" value="/opt/homebrew/Cellar/openjdk/23.0.2/libexec/openjdk.jdk/Contents/Home/lib"/>
    <property name="sun.java.command" value="/Users/oliverbecher/2_Projects/mongodb/kitchensink/target/surefire/surefirebooter15712317558786262351.jar /Users/oliverbecher/2_Projects/mongodb/kitchensink/target/surefire 2025-05-09T19-39-49_758-jvmRun1 surefire15425524701038088813tmp surefire_015679563430900957453tmp"/>
    <property name="jdk.debug" value="release"/>
    <property name="surefire.test.class.path" value="/Users/oliverbecher/2_Projects/mongodb/kitchensink/target/test-classes:/Users/oliverbecher/2_Projects/mongodb/kitchensink/target/classes:/Users/oliverbecher/.m2/repository/jakarta/enterprise/jakarta.enterprise.cdi-api/4.0.1.redhat-00001/jakarta.enterprise.cdi-api-4.0.1.redhat-00001.jar:/Users/oliverbecher/.m2/repository/jakarta/enterprise/jakarta.enterprise.lang-model/4.0.1.redhat-00001/jakarta.enterprise.lang-model-4.0.1.redhat-00001.jar:/Users/oliverbecher/.m2/repository/jakarta/interceptor/jakarta.interceptor-api/2.1.0.redhat-00001/jakarta.interceptor-api-2.1.0.redhat-00001.jar:/Users/oliverbecher/.m2/repository/jakarta/inject/jakarta.inject-api/2.0.1.redhat-00001/jakarta.inject-api-2.0.1.redhat-00001.jar:/Users/oliverbecher/.m2/repository/junit/junit/4.13.1/junit-4.13.1.jar:/Users/oliverbecher/.m2/repository/org/hamcrest/hamcrest-core/1.3/hamcrest-core-1.3.jar:/Users/oliverbecher/.m2/repository/org/hibernate/orm/hibernate-jpamodelgen/6.2.13.Final-redhat-00001/hibernate-jpamodelgen-6.2.13.Final-redhat-00001.jar:/Users/oliverbecher/.m2/repository/org/jboss/logging/jboss-logging/3.4.3.Final-redhat-00001/jboss-logging-3.4.3.Final-redhat-00001.jar:/Users/oliverbecher/.m2/repository/org/glassfish/jaxb/jaxb-runtime/4.0.1.redhat-00001/jaxb-runtime-4.0.1.redhat-00001.jar:/Users/oliverbecher/.m2/repository/org/glassfish/jaxb/jaxb-core/4.0.1.redhat-00001/jaxb-core-4.0.1.redhat-00001.jar:/Users/oliverbecher/.m2/repository/org/eclipse/angus/angus-activation/2.0.1.redhat-00001/angus-activation-2.0.1.redhat-00001.jar:/Users/oliverbecher/.m2/repository/org/glassfish/jaxb/txw2/4.0.1.redhat-00001/txw2-4.0.1.redhat-00001.jar:/Users/oliverbecher/.m2/repository/com/sun/istack/istack-commons-runtime/4.1.1.redhat-00001/istack-commons-runtime-4.1.1.redhat-00001.jar:/Users/oliverbecher/.m2/repository/jakarta/activation/jakarta.activation-api/2.1.2.redhat-00001/jakarta.activation-api-2.1.2.redhat-00001.jar:/Users/oliverbecher/.m2/repository/org/hibernate/validator/hibernate-validator/8.0.0.Final-redhat-00001/hibernate-validator-8.0.0.Final-redhat-00001.jar:/Users/oliverbecher/.m2/repository/com/fasterxml/classmate/1.5.1.redhat-00001/classmate-1.5.1.redhat-00001.jar:/Users/oliverbecher/.m2/repository/jakarta/validation/jakarta.validation-api/3.0.2.redhat-00001/jakarta.validation-api-3.0.2.redhat-00001.jar:/Users/oliverbecher/.m2/repository/org/hibernate/validator/hibernate-validator-annotation-processor/8.0.0.Final-redhat-00001/hibernate-validator-annotation-processor-8.0.0.Final-redhat-00001.jar:/Users/oliverbecher/.m2/repository/jakarta/persistence/jakarta.persistence-api/3.1.0.redhat-00001/jakarta.persistence-api-3.1.0.redhat-00001.jar:/Users/oliverbecher/.m2/repository/org/jboss/arquillian/junit/arquillian-junit-container/1.7.0.Final/arquillian-junit-container-1.7.0.Final.jar:/Users/oliverbecher/.m2/repository/org/jboss/arquillian/junit/arquillian-junit-core/1.7.0.Final/arquillian-junit-core-1.7.0.Final.jar:/Users/oliverbecher/.m2/repository/org/jboss/arquillian/test/arquillian-test-api/1.7.0.Final/arquillian-test-api-1.7.0.Final.jar:/Users/oliverbecher/.m2/repository/org/jboss/arquillian/test/arquillian-test-spi/1.7.0.Final/arquillian-test-spi-1.7.0.Final.jar:/Users/oliverbecher/.m2/repository/org/jboss/arquillian/core/arquillian-core-spi/1.7.0.Final/arquillian-core-spi-1.7.0.Final.jar:/Users/oliverbecher/.m2/repository/org/jboss/arquillian/container/arquillian-container-test-api/1.7.0.Final/arquillian-container-test-api-1.7.0.Final.jar:/Users/oliverbecher/.m2/repository/org/jboss/shrinkwrap/shrinkwrap-api/1.2.6/shrinkwrap-api-1.2.6.jar:/Users/oliverbecher/.m2/repository/org/jboss/shrinkwrap/descriptors/shrinkwrap-descriptors-api-base/2.0.0/shrinkwrap-descriptors-api-base-2.0.0.jar:/Users/oliverbecher/.m2/repository/org/jboss/arquillian/container/arquillian-container-test-spi/1.7.0.Final/arquillian-container-test-spi-1.7.0.Final.jar:/Users/oliverbecher/.m2/repository/org/jboss/arquillian/core/arquillian-core-impl-base/1.7.0.Final/arquillian-core-impl-base-1.7.0.Final.jar:/Users/oliverbecher/.m2/repository/org/jboss/arquillian/test/arquillian-test-impl-base/1.7.0.Final/arquillian-test-impl-base-1.7.0.Final.jar:/Users/oliverbecher/.m2/repository/org/jboss/arquillian/container/arquillian-container-impl-base/1.7.0.Final/arquillian-container-impl-base-1.7.0.Final.jar:/Users/oliverbecher/.m2/repository/org/jboss/arquillian/config/arquillian-config-api/1.7.0.Final/arquillian-config-api-1.7.0.Final.jar:/Users/oliverbecher/.m2/repository/org/jboss/arquillian/config/arquillian-config-impl-base/1.7.0.Final/arquillian-config-impl-base-1.7.0.Final.jar:/Users/oliverbecher/.m2/repository/org/jboss/arquillian/config/arquillian-config-spi/1.7.0.Final/arquillian-config-spi-1.7.0.Final.jar:/Users/oliverbecher/.m2/repository/org/jboss/arquillian/container/arquillian-container-test-impl-base/1.7.0.Final/arquillian-container-test-impl-base-1.7.0.Final.jar:/Users/oliverbecher/.m2/repository/org/jboss/shrinkwrap/shrinkwrap-impl-base/1.2.6/shrinkwrap-impl-base-1.2.6.jar:/Users/oliverbecher/.m2/repository/org/jboss/shrinkwrap/shrinkwrap-spi/1.2.6/shrinkwrap-spi-1.2.6.jar:/Users/oliverbecher/.m2/repository/org/jboss/arquillian/protocol/arquillian-protocol-servlet-jakarta/1.7.0.Final/arquillian-protocol-servlet-jakarta-1.7.0.Final.jar:/Users/oliverbecher/.m2/repository/org/jboss/arquillian/container/arquillian-container-spi/1.7.0.Final/arquillian-container-spi-1.7.0.Final.jar:/Users/oliverbecher/.m2/repository/org/jboss/shrinkwrap/descriptors/shrinkwrap-descriptors-spi/2.0.0/shrinkwrap-descriptors-spi-2.0.0.jar:/Users/oliverbecher/.m2/repository/jakarta/annotation/jakarta.annotation-api/2.1.1.redhat-00001/jakarta.annotation-api-2.1.1.redhat-00001.jar:/Users/oliverbecher/.m2/repository/jakarta/ejb/jakarta.ejb-api/4.0.1.redhat-00001/jakarta.ejb-api-4.0.1.redhat-00001.jar:/Users/oliverbecher/.m2/repository/jakarta/transaction/jakarta.transaction-api/2.0.1.redhat-00002/jakarta.transaction-api-2.0.1.redhat-00002.jar:/Users/oliverbecher/.m2/repository/jakarta/faces/jakarta.faces-api/4.0.1.redhat-00001/jakarta.faces-api-4.0.1.redhat-00001.jar:/Users/oliverbecher/.m2/repository/jakarta/ws/rs/jakarta.ws.rs-api/3.1.0.redhat-00001/jakarta.ws.rs-api-3.1.0.redhat-00001.jar:/Users/oliverbecher/.m2/repository/jakarta/xml/bind/jakarta.xml.bind-api/4.0.0.redhat-00001/jakarta.xml.bind-api-4.0.0.redhat-00001.jar:/Users/oliverbecher/.m2/repository/jakarta/json/jakarta.json-api/2.1.2.redhat-00001/jakarta.json-api-2.1.2.redhat-00001.jar:/Users/oliverbecher/.m2/repository/org/eclipse/parsson/parsson/1.1.2.redhat-00001/parsson-1.1.2.redhat-00001.jar:/Users/oliverbecher/.m2/repository/org/wildfly/arquillian/wildfly-arquillian-container-remote/5.0.0.Final/wildfly-arquillian-container-remote-5.0.0.Final.jar:/Users/oliverbecher/.m2/repository/org/jboss/xnio/xnio-api/3.8.9.Final/xnio-api-3.8.9.Final.jar:/Users/oliverbecher/.m2/repository/org/jboss/xnio/xnio-nio/3.8.9.Final/xnio-nio-3.8.9.Final.jar:/Users/oliverbecher/.m2/repository/org/jboss/marshalling/jboss-marshalling-river/2.1.1.Final/jboss-marshalling-river-2.1.1.Final.jar:/Users/oliverbecher/.m2/repository/org/jboss/marshalling/jboss-marshalling/2.1.1.Final/jboss-marshalling-2.1.1.Final.jar:/Users/oliverbecher/.m2/repository/org/jboss/remoting/jboss-remoting/5.0.27.Final/jboss-remoting-5.0.27.Final.jar:/Users/oliverbecher/.m2/repository/org/wildfly/common/wildfly-common/1.6.0.Final-redhat-00001/wildfly-common-1.6.0.Final-redhat-00001.jar:/Users/oliverbecher/.m2/repository/org/wildfly/client/wildfly-client-config/1.0.1.Final-redhat-00001/wildfly-client-config-1.0.1.Final-redhat-00001.jar:/Users/oliverbecher/.m2/repository/org/jboss/remotingjmx/remoting-jmx/3.0.4.Final/remoting-jmx-3.0.4.Final.jar:/Users/oliverbecher/.m2/repository/org/wildfly/arquillian/wildfly-arquillian-common/5.0.0.Final/wildfly-arquillian-common-5.0.0.Final.jar:/Users/oliverbecher/.m2/repository/org/jboss/arquillian/testenricher/arquillian-testenricher-cdi-jakarta/1.7.0.Final/arquillian-testenricher-cdi-jakarta-1.7.0.Final.jar:/Users/oliverbecher/.m2/repository/org/jboss/arquillian/testenricher/arquillian-testenricher-ejb-jakarta/1.7.0.Final/arquillian-testenricher-ejb-jakarta-1.7.0.Final.jar:/Users/oliverbecher/.m2/repository/org/jboss/arquillian/testenricher/arquillian-testenricher-initialcontext/1.7.0.Final/arquillian-testenricher-initialcontext-1.7.0.Final.jar:/Users/oliverbecher/.m2/repository/org/jboss/arquillian/testenricher/arquillian-testenricher-resource-jakarta/1.7.0.Final/arquillian-testenricher-resource-jakarta-1.7.0.Final.jar:/Users/oliverbecher/.m2/repository/org/wildfly/arquillian/wildfly-arquillian-testenricher-msc/5.0.0.Final/wildfly-arquillian-testenricher-msc-5.0.0.Final.jar:/Users/oliverbecher/.m2/repository/org/jboss/msc/jboss-msc/1.5.1.Final-redhat-00001/jboss-msc-1.5.1.Final-redhat-00001.jar:/Users/oliverbecher/.m2/repository/org/wildfly/core/wildfly-server/20.0.1.Final/wildfly-server-20.0.1.Final.jar:/Users/oliverbecher/.m2/repository/org/wildfly/core/wildfly-controller-client/20.0.1.Final/wildfly-controller-client-20.0.1.Final.jar:/Users/oliverbecher/.m2/repository/org/wildfly/core/wildfly-protocol/20.0.1.Final/wildfly-protocol-20.0.1.Final.jar:/Users/oliverbecher/.m2/repository/org/jboss/modules/jboss-modules/2.1.0.Final/jboss-modules-2.1.0.Final.jar:/Users/oliverbecher/.m2/repository/org/wildfly/security/wildfly-elytron-auth-server/2.2.2.Final-redhat-00001/wildfly-elytron-auth-server-2.2.2.Final-redhat-00001.jar:/Users/oliverbecher/.m2/repository/org/wildfly/security/wildfly-elytron-credential/2.2.2.Final-redhat-00001/wildfly-elytron-credential-2.2.2.Final-redhat-00001.jar:/Users/oliverbecher/.m2/repository/org/wildfly/security/wildfly-elytron-x500/2.2.2.Final-redhat-00001/wildfly-elytron-x500-2.2.2.Final-redhat-00001.jar:/Users/oliverbecher/.m2/repository/org/wildfly/security/wildfly-elytron-auth-server-deprecated/2.2.2.Final-redhat-00001/wildfly-elytron-auth-server-deprecated-2.2.2.Final-redhat-00001.jar:/Users/oliverbecher/.m2/repository/org/wildfly/security/wildfly-elytron-http/2.2.2.Final-redhat-00001/wildfly-elytron-http-2.2.2.Final-redhat-00001.jar:/Users/oliverbecher/.m2/repository/org/wildfly/security/wildfly-elytron-auth-server-http/2.2.2.Final-redhat-00001/wildfly-elytron-auth-server-http-2.2.2.Final-redhat-00001.jar:/Users/oliverbecher/.m2/repository/org/wildfly/security/wildfly-elytron-auth-server-sasl/2.2.2.Final-redhat-00001/wildfly-elytron-auth-server-sasl-2.2.2.Final-redhat-00001.jar:/Users/oliverbecher/.m2/repository/org/wildfly/security/wildfly-elytron-client/2.2.2.Final-redhat-00001/wildfly-elytron-client-2.2.2.Final-redhat-00001.jar:/Users/oliverbecher/.m2/repository/org/wildfly/security/wildfly-elytron-auth-util/2.2.2.Final-redhat-00001/wildfly-elytron-auth-util-2.2.2.Final-redhat-00001.jar:/Users/oliverbecher/.m2/repository/org/wildfly/security/wildfly-elytron-mechanism-gssapi/2.2.2.Final-redhat-00001/wildfly-elytron-mechanism-gssapi-2.2.2.Final-redhat-00001.jar:/Users/oliverbecher/.m2/repository/org/apache/sshd/sshd-common/2.9.2.redhat-00001/sshd-common-2.9.2.redhat-00001.jar:/Users/oliverbecher/.m2/repository/org/wildfly/security/wildfly-elytron-credential-source-impl/2.2.2.Final-redhat-00001/wildfly-elytron-credential-source-impl-2.2.2.Final-redhat-00001.jar:/Users/oliverbecher/.m2/repository/org/wildfly/security/wildfly-elytron-credential-store/2.2.2.Final-redhat-00001/wildfly-elytron-credential-store-2.2.2.Final-redhat-00001.jar:/Users/oliverbecher/.m2/repository/org/wildfly/security/wildfly-elytron-keystore/2.2.2.Final-redhat-00001/wildfly-elytron-keystore-2.2.2.Final-redhat-00001.jar:/Users/oliverbecher/.m2/repository/org/wildfly/security/wildfly-elytron-x500-cert/2.2.2.Final-redhat-00001/wildfly-elytron-x500-cert-2.2.2.Final-redhat-00001.jar:/Users/oliverbecher/.m2/repository/org/wildfly/security/wildfly-elytron-x500-cert-util/2.2.2.Final-redhat-00001/wildfly-elytron-x500-cert-util-2.2.2.Final-redhat-00001.jar:/Users/oliverbecher/.m2/repository/org/wildfly/security/wildfly-elytron-mechanism/2.2.2.Final-redhat-00001/wildfly-elytron-mechanism-2.2.2.Final-redhat-00001.jar:/Users/oliverbecher/.m2/repository/org/wildfly/security/wildfly-elytron-password-impl/2.2.2.Final-redhat-00001/wildfly-elytron-password-impl-2.2.2.Final-redhat-00001.jar:/Users/oliverbecher/.m2/repository/org/wildfly/security/wildfly-elytron-provider-util/2.2.2.Final-redhat-00001/wildfly-elytron-provider-util-2.2.2.Final-redhat-00001.jar:/Users/oliverbecher/.m2/repository/org/wildfly/security/wildfly-elytron-ssh-util/2.2.2.Final-redhat-00001/wildfly-elytron-ssh-util-2.2.2.Final-redhat-00001.jar:/Users/oliverbecher/.m2/repository/org/wildfly/security/wildfly-elytron-permission/2.2.2.Final-redhat-00001/wildfly-elytron-permission-2.2.2.Final-redhat-00001.jar:/Users/oliverbecher/.m2/repository/org/wildfly/security/wildfly-elytron-sasl/2.2.2.Final-redhat-00001/wildfly-elytron-sasl-2.2.2.Final-redhat-00001.jar:/Users/oliverbecher/.m2/repository/org/wildfly/security/wildfly-elytron-ssl/2.2.2.Final-redhat-00001/wildfly-elytron-ssl-2.2.2.Final-redhat-00001.jar:/Users/oliverbecher/.m2/repository/org/wildfly/security/wildfly-elytron-sasl-anonymous/2.2.2.Final-redhat-00001/wildfly-elytron-sasl-anonymous-2.2.2.Final-redhat-00001.jar:/Users/oliverbecher/.m2/repository/org/wildfly/security/wildfly-elytron-sasl-localuser/2.2.2.Final-redhat-00001/wildfly-elytron-sasl-localuser-2.2.2.Final-redhat-00001.jar:/Users/oliverbecher/.m2/repository/org/wildfly/security/wildfly-elytron-realm/2.2.2.Final-redhat-00001/wildfly-elytron-realm-2.2.2.Final-redhat-00001.jar:/Users/oliverbecher/.m2/repository/org/wildfly/security/wildfly-elytron-encryption/2.2.2.Final-redhat-00001/wildfly-elytron-encryption-2.2.2.Final-redhat-00001.jar:/Users/oliverbecher/.m2/repository/org/jboss/jboss-dmr/1.6.1.Final/jboss-dmr-1.6.1.Final.jar:/Users/oliverbecher/.m2/repository/org/jboss/threads/jboss-threads/2.4.0.Final-redhat-00001/jboss-threads-2.4.0.Final-redhat-00001.jar:/Users/oliverbecher/.m2/repository/org/wildfly/security/wildfly-elytron-auth/2.2.2.Final-redhat-00001/wildfly-elytron-auth-2.2.2.Final-redhat-00001.jar:/Users/oliverbecher/.m2/repository/org/wildfly/security/wildfly-elytron-util/2.2.2.Final-redhat-00001/wildfly-elytron-util-2.2.2.Final-redhat-00001.jar:/Users/oliverbecher/.m2/repository/org/wildfly/security/wildfly-elytron-asn1/2.2.2.Final-redhat-00001/wildfly-elytron-asn1-2.2.2.Final-redhat-00001.jar:/Users/oliverbecher/.m2/repository/org/wildfly/security/wildfly-elytron-base/2.2.2.Final-redhat-00001/wildfly-elytron-base-2.2.2.Final-redhat-00001.jar:/Users/oliverbecher/.m2/repository/org/wildfly/security/wildfly-elytron-security-manager/2.2.2.Final-redhat-00001/wildfly-elytron-security-manager-2.2.2.Final-redhat-00001.jar:/Users/oliverbecher/.m2/repository/org/wildfly/security/wildfly-elytron-security-manager-action/2.2.2.Final-redhat-00001/wildfly-elytron-security-manager-action-2.2.2.Final-redhat-00001.jar:/Users/oliverbecher/.m2/repository/org/wildfly/core/wildfly-launcher/20.0.1.Final/wildfly-launcher-20.0.1.Final.jar:/Users/oliverbecher/.m2/repository/org/wildfly/plugins/wildfly-plugin-core/4.0.0.Final/wildfly-plugin-core-4.0.0.Final.jar:/Users/oliverbecher/.m2/repository/org/jboss/shrinkwrap/descriptors/shrinkwrap-descriptors-impl-base/2.0.0/shrinkwrap-descriptors-impl-base-2.0.0.jar:/Users/oliverbecher/.m2/repository/org/jboss/arquillian/core/arquillian-core-api/1.7.0.Final/arquillian-core-api-1.7.0.Final.jar:"/>
    <property name="sun.cpu.endian" value="little"/>
    <property name="user.home" value="/Users/oliverbecher"/>
    <property name="user.language" value="en"/>
    <property name="java.specification.vendor" value="Oracle Corporation"/>
    <property name="java.version.date" value="2025-01-21"/>
    <property name="java.home" value="/opt/homebrew/Cellar/openjdk/23.0.2/libexec/openjdk.jdk/Contents/Home"/>
    <property name="file.separator" value="/"/>
    <property name="basedir" value="/Users/oliverbecher/2_Projects/mongodb/kitchensink"/>
    <property name="java.vm.compressedOopsMode" value="Zero based"/>
    <property name="line.separator" value="&#10;"/>
    <property name="java.specification.name" value="Java Platform API Specification"/>
    <property name="java.vm.specification.vendor" value="Oracle Corporation"/>
    <property name="apple.awt.application.name" value="ForkedBooter"/>
    <property name="surefire.real.class.path" value="/Users/oliverbecher/2_Projects/mongodb/kitchensink/target/surefire/surefirebooter15712317558786262351.jar"/>
    <property name="sun.management.compiler" value="HotSpot 64-Bit Tiered Compilers"/>
    <property name="java.runtime.version" value="23.0.2"/>
    <property name="user.name" value="oliverbecher"/>
    <property name="stdout.encoding" value="UTF-8"/>
    <property name="path.separator" value=":"/>
    <property name="os.version" value="15.4.1"/>
    <property name="java.runtime.name" value="OpenJDK Runtime Environment"/>
    <property name="file.encoding" value="UTF-8"/>
    <property name="java.vm.name" value="OpenJDK 64-Bit Server VM"/>
    <property name="java.vendor.version" value="Homebrew"/>
    <property name="localRepository" value="/Users/oliverbecher/.m2/repository"/>
    <property name="java.vendor.url.bug" value="https://github.com/Homebrew/homebrew-core/issues"/>
    <property name="java.io.tmpdir" value="/var/folders/0p/x3k4l9pn3_10wxx4h6pg8k500000gn/T/"/>
    <property name="java.version" value="23.0.2"/>
    <property name="user.dir" value="/Users/oliverbecher/2_Projects/mongodb/kitchensink"/>
    <property name="os.arch" value="aarch64"/>
    <property name="java.vm.specification.name" value="Java Virtual Machine Specification"/>
    <property name="native.encoding" value="UTF-8"/>
    <property name="java.library.path" value="/Users/oliverbecher/Library/Java/Extensions:/Library/Java/Extensions:/Network/Library/Java/Extensions:/System/Library/Java/Extensions:/usr/lib/java:."/>
    <property name="java.vm.info" value="mixed mode, sharing"/>
    <property name="stderr.encoding" value="UTF-8"/>
    <property name="java.vendor" value="Homebrew"/>
    <property name="java.vm.version" value="23.0.2"/>
    <property name="sun.io.unicode.encoding" value="UnicodeBig"/>
    <property name="java.class.version" value="67.0"/>
  </properties>
  <testcase name="testRegister" classname="org.jboss.as.quickstarts.kitchensink.test.RemoteMemberRegistrationIT" time="0.328"/>
</testsuite>